  LightTuto.cpp
C:\Users\hugog\OneDrive\Documents\GitHub\OpenGLProject\Projet\Project\Project\Dependencies\include\shader\shader_s.h(49,7): warning C4101: 'succes' : variable locale non référencée
C:\Users\hugog\OneDrive\Documents\GitHub\OpenGLProject\Projet\Project\Project\Dependencies\include\shader\shader_s.h(50,8): warning C4101: 'infoLog' : variable locale non référencée
C:\Users\hugog\OneDrive\Documents\GitHub\OpenGLProject\Projet\Project\Project\LightTuto.cpp(371,32): warning C4018: '<' : incompatibilité signed/unsigned
C:\Users\hugog\OneDrive\Documents\GitHub\OpenGLProject\Projet\Project\Project\LightTuto.cpp(372,36): warning C4018: '<' : incompatibilité signed/unsigned
glfw3.lib(context.obj) : warning LNK4099: PDB 'glfw3.pdb' n'a pu être trouvé avec 'glfw3.lib(context.obj)' ou sur 'C:\Users\hugog\OneDrive\Documents\GitHub\OpenGLProject\Projet\Project\x64\Debug\glfw3.pdb' ; l'objet sera lié sans informations de débogage
glfw3.lib(init.obj) : warning LNK4099: PDB 'glfw3.pdb' n'a pu être trouvé avec 'glfw3.lib(init.obj)' ou sur 'C:\Users\hugog\OneDrive\Documents\GitHub\OpenGLProject\Projet\Project\x64\Debug\glfw3.pdb' ; l'objet sera lié sans informations de débogage
glfw3.lib(input.obj) : warning LNK4099: PDB 'glfw3.pdb' n'a pu être trouvé avec 'glfw3.lib(input.obj)' ou sur 'C:\Users\hugog\OneDrive\Documents\GitHub\OpenGLProject\Projet\Project\x64\Debug\glfw3.pdb' ; l'objet sera lié sans informations de débogage
glfw3.lib(monitor.obj) : warning LNK4099: PDB 'glfw3.pdb' n'a pu être trouvé avec 'glfw3.lib(monitor.obj)' ou sur 'C:\Users\hugog\OneDrive\Documents\GitHub\OpenGLProject\Projet\Project\x64\Debug\glfw3.pdb' ; l'objet sera lié sans informations de débogage
glfw3.lib(vulkan.obj) : warning LNK4099: PDB 'glfw3.pdb' n'a pu être trouvé avec 'glfw3.lib(vulkan.obj)' ou sur 'C:\Users\hugog\OneDrive\Documents\GitHub\OpenGLProject\Projet\Project\x64\Debug\glfw3.pdb' ; l'objet sera lié sans informations de débogage
glfw3.lib(window.obj) : warning LNK4099: PDB 'glfw3.pdb' n'a pu être trouvé avec 'glfw3.lib(window.obj)' ou sur 'C:\Users\hugog\OneDrive\Documents\GitHub\OpenGLProject\Projet\Project\x64\Debug\glfw3.pdb' ; l'objet sera lié sans informations de débogage
glfw3.lib(win32_init.obj) : warning LNK4099: PDB 'glfw3.pdb' n'a pu être trouvé avec 'glfw3.lib(win32_init.obj)' ou sur 'C:\Users\hugog\OneDrive\Documents\GitHub\OpenGLProject\Projet\Project\x64\Debug\glfw3.pdb' ; l'objet sera lié sans informations de débogage
glfw3.lib(win32_joystick.obj) : warning LNK4099: PDB 'glfw3.pdb' n'a pu être trouvé avec 'glfw3.lib(win32_joystick.obj)' ou sur 'C:\Users\hugog\OneDrive\Documents\GitHub\OpenGLProject\Projet\Project\x64\Debug\glfw3.pdb' ; l'objet sera lié sans informations de débogage
glfw3.lib(win32_monitor.obj) : warning LNK4099: PDB 'glfw3.pdb' n'a pu être trouvé avec 'glfw3.lib(win32_monitor.obj)' ou sur 'C:\Users\hugog\OneDrive\Documents\GitHub\OpenGLProject\Projet\Project\x64\Debug\glfw3.pdb' ; l'objet sera lié sans informations de débogage
glfw3.lib(win32_time.obj) : warning LNK4099: PDB 'glfw3.pdb' n'a pu être trouvé avec 'glfw3.lib(win32_time.obj)' ou sur 'C:\Users\hugog\OneDrive\Documents\GitHub\OpenGLProject\Projet\Project\x64\Debug\glfw3.pdb' ; l'objet sera lié sans informations de débogage
glfw3.lib(win32_thread.obj) : warning LNK4099: PDB 'glfw3.pdb' n'a pu être trouvé avec 'glfw3.lib(win32_thread.obj)' ou sur 'C:\Users\hugog\OneDrive\Documents\GitHub\OpenGLProject\Projet\Project\x64\Debug\glfw3.pdb' ; l'objet sera lié sans informations de débogage
glfw3.lib(win32_window.obj) : warning LNK4099: PDB 'glfw3.pdb' n'a pu être trouvé avec 'glfw3.lib(win32_window.obj)' ou sur 'C:\Users\hugog\OneDrive\Documents\GitHub\OpenGLProject\Projet\Project\x64\Debug\glfw3.pdb' ; l'objet sera lié sans informations de débogage
glfw3.lib(wgl_context.obj) : warning LNK4099: PDB 'glfw3.pdb' n'a pu être trouvé avec 'glfw3.lib(wgl_context.obj)' ou sur 'C:\Users\hugog\OneDrive\Documents\GitHub\OpenGLProject\Projet\Project\x64\Debug\glfw3.pdb' ; l'objet sera lié sans informations de débogage
glfw3.lib(egl_context.obj) : warning LNK4099: PDB 'glfw3.pdb' n'a pu être trouvé avec 'glfw3.lib(egl_context.obj)' ou sur 'C:\Users\hugog\OneDrive\Documents\GitHub\OpenGLProject\Projet\Project\x64\Debug\glfw3.pdb' ; l'objet sera lié sans informations de débogage
glfw3.lib(osmesa_context.obj) : warning LNK4099: PDB 'glfw3.pdb' n'a pu être trouvé avec 'glfw3.lib(osmesa_context.obj)' ou sur 'C:\Users\hugog\OneDrive\Documents\GitHub\OpenGLProject\Projet\Project\x64\Debug\glfw3.pdb' ; l'objet sera lié sans informations de débogage
  Project.vcxproj -> C:\Users\hugog\OneDrive\Documents\GitHub\OpenGLProject\Projet\Project\x64\Debug\Project.exe
